<?xml version="1.0" encoding="UTF-8"?>
<robot generator="Robot 6.0 (Python 3.9.6 on darwin)" generated="20240325 15:11:17.169" rpa="false" schemaversion="3">
<suite id="s1" name="Tests" source="/Users/sopay/Workspaces/automation_web/tests">
<suite id="s1-s1" name="Authentication" source="/Users/sopay/Workspaces/automation_web/tests/Authentication.robot">
<test id="s1-s1-t1" name="11A Open and Verify Landing page" line="7">
<kw name="Open Browser" library="SeleniumLibrary">
<arg>${HOME_URL}</arg>
<arg>${BROWSER}</arg>
<doc>Opens a new browser instance to the optional ``url``.</doc>
<msg timestamp="20240325 15:11:17.722" level="INFO">Opening browser 'Chrome' to base url 'https://eklipse.gg/'.</msg>
<status status="PASS" starttime="20240325 15:11:17.720" endtime="20240325 15:11:28.303"/>
</kw>
<kw name="Wait Until Page Loaded Completely" library="resource">
<kw name="Wait For Condition" library="SeleniumLibrary">
<arg>return document.readyState == 'complete'</arg>
<arg>timeout=${LONG_TIMEOUT}</arg>
<doc>Waits until ``condition`` is true or ``timeout`` expires.</doc>
<status status="PASS" starttime="20240325 15:11:28.307" endtime="20240325 15:11:28.338"/>
</kw>
<status status="PASS" starttime="20240325 15:11:28.305" endtime="20240325 15:11:28.338"/>
</kw>
<tag>User</tag>
<status status="PASS" starttime="20240325 15:11:17.717" endtime="20240325 15:11:28.339"/>
</test>
<test id="s1-s1-t2" name="12A Login Test" line="12">
<kw name="Open Browser" library="SeleniumLibrary">
<arg>${LOGIN_URL}</arg>
<arg>${BROWSER}</arg>
<doc>Opens a new browser instance to the optional ``url``.</doc>
<msg timestamp="20240325 15:11:28.350" level="INFO">Opening browser 'Chrome' to base url 'https://app.eklipse.gg/login'.</msg>
<status status="PASS" starttime="20240325 15:11:28.342" endtime="20240325 15:11:37.609"/>
</kw>
<kw name="Wait Until Page Loaded Completely" library="resource">
<kw name="Wait For Condition" library="SeleniumLibrary">
<arg>return document.readyState == 'complete'</arg>
<arg>timeout=${LONG_TIMEOUT}</arg>
<doc>Waits until ``condition`` is true or ``timeout`` expires.</doc>
<status status="PASS" starttime="20240325 15:11:37.612" endtime="20240325 15:11:37.637"/>
</kw>
<status status="PASS" starttime="20240325 15:11:37.611" endtime="20240325 15:11:37.637"/>
</kw>
<kw name="Input Text" library="SeleniumLibrary">
<arg>id=username</arg>
<arg>${VALID_USER}</arg>
<doc>Types the given ``text`` into the text field identified by ``locator``.</doc>
<msg timestamp="20240325 15:11:37.655" level="INFO">Typing text 'sofyanapangestika@gmail.com' into text field 'id=username'.</msg>
<status status="PASS" starttime="20240325 15:11:37.638" endtime="20240325 15:11:38.671"/>
</kw>
<kw name="Input Password" library="SeleniumLibrary">
<arg>id=password</arg>
<arg>${VALID_PASSWORD}</arg>
<doc>Types the given password into the text field identified by ``locator``.</doc>
<msg timestamp="20240325 15:11:38.672" level="INFO">Typing password into text field 'id=password'.</msg>
<msg timestamp="20240325 15:11:38.738" level="INFO">Temporally setting log level to: NONE</msg>
<msg timestamp="20240325 15:11:39.094" level="INFO">Log level changed from NONE to INFO.</msg>
<status status="PASS" starttime="20240325 15:11:38.671" endtime="20240325 15:11:39.095"/>
</kw>
<kw name="Click Element" library="SeleniumLibrary">
<arg>xpath=//button[@type='submit']</arg>
<doc>Click the element identified by ``locator``.</doc>
<msg timestamp="20240325 15:11:39.096" level="INFO">Clicking element 'xpath=//button[@type='submit']'.</msg>
<status status="PASS" starttime="20240325 15:11:39.095" endtime="20240325 15:11:39.649"/>
</kw>
<kw name="Wait Until Page Contains" library="SeleniumLibrary">
<arg>Home</arg>
<doc>Waits until ``text`` appears on the current page.</doc>
<status status="PASS" starttime="20240325 15:11:39.650" endtime="20240325 15:11:41.772"/>
</kw>
<kw name="Run Keyword And Ignore Error" library="BuiltIn">
<arg>Click Element</arg>
<arg>xpath=//button[@class='btn btn-link--highlight' and contains(text(), 'Skip for now')]</arg>
<doc>Runs the given keyword with the given arguments and ignores possible error.</doc>
<kw name="Click Element" library="SeleniumLibrary">
<arg>xpath=//button[@class='btn btn-link--highlight' and contains(text(), 'Skip for now')]</arg>
<doc>Click the element identified by ``locator``.</doc>
<msg timestamp="20240325 15:11:41.774" level="INFO">Clicking element 'xpath=//button[@class='btn btn-link--highlight' and contains(text(), 'Skip for now')]'.</msg>
<msg timestamp="20240325 15:11:41.798" level="FAIL">Element with locator 'xpath=//button[@class='btn btn-link--highlight' and contains(text(), 'Skip for now')]' not found.</msg>
<status status="FAIL" starttime="20240325 15:11:41.773" endtime="20240325 15:11:41.899"/>
</kw>
<status status="PASS" starttime="20240325 15:11:41.772" endtime="20240325 15:11:41.899"/>
</kw>
<kw name="Click Element" library="SeleniumLibrary">
<arg>class=ic-user</arg>
<doc>Click the element identified by ``locator``.</doc>
<msg timestamp="20240325 15:11:41.900" level="INFO">Clicking element 'class=ic-user'.</msg>
<status status="PASS" starttime="20240325 15:11:41.900" endtime="20240325 15:11:42.081"/>
</kw>
<kw name="Wait Until Page Contains" library="SeleniumLibrary">
<arg>${VALID_USER}</arg>
<doc>Waits until ``text`` appears on the current page.</doc>
<status status="PASS" starttime="20240325 15:11:42.082" endtime="20240325 15:11:45.307"/>
</kw>
<kw name="Close Browser" library="SeleniumLibrary">
<doc>Closes the current browser.</doc>
<status status="PASS" starttime="20240325 15:11:45.308" endtime="20240325 15:11:45.549"/>
</kw>
<tag>User</tag>
<status status="PASS" starttime="20240325 15:11:28.341" endtime="20240325 15:11:45.550"/>
</test>
<kw name="Close Browser" library="SeleniumLibrary" type="TEARDOWN">
<doc>Closes the current browser.</doc>
<status status="PASS" starttime="20240325 15:11:45.552" endtime="20240325 15:11:45.552"/>
</kw>
<status status="PASS" starttime="20240325 15:11:17.207" endtime="20240325 15:11:45.552"/>
</suite>
<status status="PASS" starttime="20240325 15:11:17.170" endtime="20240325 15:11:45.555"/>
</suite>
<statistics>
<total>
<stat pass="2" fail="0" skip="0">All Tests</stat>
</total>
<tag>
<stat pass="2" fail="0" skip="0">User</stat>
</tag>
<suite>
<stat pass="2" fail="0" skip="0" id="s1" name="Tests">Tests</stat>
<stat pass="2" fail="0" skip="0" id="s1-s1" name="Authentication">Tests.Authentication</stat>
</suite>
</statistics>
<errors>
<msg timestamp="20240325 15:11:17.712" level="WARN">Imported resource file '/Users/sopay/Workspaces/automation_web/keywords/logics/LoginLogic.robot' is empty.</msg>
</errors>
</robot>
